# JRE version: Java(TM) SE Runtime Environment (8.0_201-b09) (build 1.8.0_201-b09)
# Java VM: Java HotSpot(TM) 64-Bit Server VM (25.201-b09 mixed mode windows-amd64 compressed oops)
Heap:
 PSYoungGen      total 203776K, used 125782K [0x00000000d6180000, 0x00000000e4900000, 0x0000000100000000)
  eden space 198656K, 60% used [0x00000000d6180000,0x00000000dd75a858,0x00000000e2380000)
  from space 5120K, 99% used [0x00000000e4400000,0x00000000e48fb350,0x00000000e4900000)
  to   space 11264K, 0% used [0x00000000e3300000,0x00000000e3300000,0x00000000e3e00000)
 ParOldGen       total 86016K, used 37627K [0x0000000082400000, 0x0000000087800000, 0x00000000d6180000)
  object space 86016K, 43% used [0x0000000082400000,0x00000000848befb8,0x0000000087800000)
 Metaspace       used 52349K, capacity 54602K, committed 54912K, reserved 1101824K
  class space    used 6571K, capacity 6996K, committed 7040K, reserved 1048576K
GC Heap History (10 events):
Event: 7.358 GC heap before
{Heap before GC invocations=14 (full 2):
 PSYoungGen      total 168960K, used 157696K [0x00000000d6180000, 0x00000000e4f00000, 0x0000000100000000)
  eden space 157696K, 100% used [0x00000000d6180000,0x00000000dfb80000,0x00000000dfb80000)
  from space 11264K, 0% used [0x00000000dfb80000,0x00000000dfb80000,0x00000000e0680000)
  to   space 11264K, 0% used [0x00000000e4400000,0x00000000e4400000,0x00000000e4f00000)
 ParOldGen       total 86016K, used 20063K [0x0000000082400000, 0x0000000087800000, 0x00000000d6180000)
  object space 86016K, 23% used [0x0000000082400000,0x0000000083797e88,0x0000000087800000)
 Metaspace       used 39050K, capacity 40412K, committed 40704K, reserved 1085440K
  class space    used 5078K, capacity 5364K, committed 5376K, reserved 1048576K
Event: 7.362 GC heap after
Heap after GC invocations=14 (full 2):
 PSYoungGen      total 203776K, used 4810K [0x00000000d6180000, 0x00000000e4900000, 0x0000000100000000)
  eden space 198656K, 0% used [0x00000000d6180000,0x00000000d6180000,0x00000000e2380000)
  from space 5120K, 93% used [0x00000000e4400000,0x00000000e48b2ae0,0x00000000e4900000)
  to   space 11264K, 0% used [0x00000000e3300000,0x00000000e3300000,0x00000000e3e00000)
 ParOldGen       total 86016K, used 20135K [0x0000000082400000, 0x0000000087800000, 0x00000000d6180000)
  object space 86016K, 23% used [0x0000000082400000,0x00000000837a9e98,0x0000000087800000)
 Metaspace       used 39050K, capacity 40412K, committed 40704K, reserved 1085440K
  class space    used 5078K, capacity 5364K, committed 5376K, reserved 1048576K
}
Event: 7.751 GC heap before
{Heap before GC invocations=15 (full 2):
 PSYoungGen      total 203776K, used 203466K [0x00000000d6180000, 0x00000000e4900000, 0x0000000100000000)
  eden space 198656K, 100% used [0x00000000d6180000,0x00000000e2380000,0x00000000e2380000)
  from space 5120K, 93% used [0x00000000e4400000,0x00000000e48b2ae0,0x00000000e4900000)
  to   space 11264K, 0% used [0x00000000e3300000,0x00000000e3300000,0x00000000e3e00000)
 ParOldGen       total 86016K, used 20135K [0x0000000082400000, 0x0000000087800000, 0x00000000d6180000)
  object space 86016K, 23% used [0x0000000082400000,0x00000000837a9e98,0x0000000087800000)
 Metaspace       used 39244K, capacity 40610K, committed 40704K, reserved 1085440K
  class space    used 5089K, capacity 5365K, committed 5376K, reserved 1048576K
Event: 7.756 GC heap after
Heap after GC invocations=15 (full 2):
 PSYoungGen      total 209920K, used 5696K [0x00000000d6180000, 0x00000000e4900000, 0x0000000100000000)
  eden space 198656K, 0% used [0x00000000d6180000,0x00000000d6180000,0x00000000e2380000)
  from space 11264K, 50% used [0x00000000e3300000,0x00000000e38900b0,0x00000000e3e00000)
  to   space 5120K, 0% used [0x00000000e4400000,0x00000000e4400000,0x00000000e4900000)
 ParOldGen       total 86016K, used 20143K [0x0000000082400000, 0x0000000087800000, 0x00000000d6180000)
  object space 86016K, 23% used [0x0000000082400000,0x00000000837abe98,0x0000000087800000)
 Metaspace       used 39244K, capacity 40610K, committed 40704K, reserved 1085440K
  class space    used 5089K, capacity 5365K, committed 5376K, reserved 1048576K
}
Event: 8.092 GC heap before
{Heap before GC invocations=16 (full 2):
 PSYoungGen      total 209920K, used 204352K [0x00000000d6180000, 0x00000000e4900000, 0x0000000100000000)
  eden space 198656K, 100% used [0x00000000d6180000,0x00000000e2380000,0x00000000e2380000)
  from space 11264K, 50% used [0x00000000e3300000,0x00000000e38900b0,0x00000000e3e00000)
  to   space 5120K, 0% used [0x00000000e4400000,0x00000000e4400000,0x00000000e4900000)
 ParOldGen       total 86016K, used 20143K [0x0000000082400000, 0x0000000087800000, 0x00000000d6180000)
  object space 86016K, 23% used [0x0000000082400000,0x00000000837abe98,0x0000000087800000)
 Metaspace       used 39614K, capacity 41044K, committed 41344K, reserved 1085440K
  class space    used 5104K, capacity 5398K, committed 5504K, reserved 1048576K
Event: 8.098 GC heap after
Heap after GC invocations=16 (full 2):
 PSYoungGen      total 203776K, used 5088K [0x00000000d6180000, 0x00000000e4900000, 0x0000000100000000)
  eden space 198656K, 0% used [0x00000000d6180000,0x00000000d6180000,0x00000000e2380000)
  from space 5120K, 99% used [0x00000000e4400000,0x00000000e48f80b0,0x00000000e4900000)
  to   space 11264K, 0% used [0x00000000e3300000,0x00000000e3300000,0x00000000e3e00000)
 ParOldGen       total 86016K, used 22724K [0x0000000082400000, 0x0000000087800000, 0x00000000d6180000)
  object space 86016K, 26% used [0x0000000082400000,0x0000000083a31260,0x0000000087800000)
 Metaspace       used 39614K, capacity 41044K, committed 41344K, reserved 1085440K
  class space    used 5104K, capacity 5398K, committed 5504K, reserved 1048576K
}
Event: 8.553 GC heap before
{Heap before GC invocations=17 (full 2):
 PSYoungGen      total 203776K, used 203744K [0x00000000d6180000, 0x00000000e4900000, 0x0000000100000000)
  eden space 198656K, 100% used [0x00000000d6180000,0x00000000e2380000,0x00000000e2380000)
  from space 5120K, 99% used [0x00000000e4400000,0x00000000e48f80b0,0x00000000e4900000)
  to   space 11264K, 0% used [0x00000000e3300000,0x00000000e3300000,0x00000000e3e00000)
 ParOldGen       total 86016K, used 22724K [0x0000000082400000, 0x0000000087800000, 0x00000000d6180000)
  object space 86016K, 26% used [0x0000000082400000,0x0000000083a31260,0x0000000087800000)
 Metaspace       used 40726K, capacity 42174K, committed 42240K, reserved 1085440K
  class space    used 5257K, capacity 5585K, committed 5632K, reserved 1048576K
Event: 8.564 GC heap after
Heap after GC invocations=17 (full 2):
 PSYoungGen      total 209920K, used 4908K [0x00000000d6180000, 0x00000000e4900000, 0x0000000100000000)
  eden space 198656K, 0% used [0x00000000d6180000,0x00000000d6180000,0x00000000e2380000)
  from space 11264K, 43% used [0x00000000e3300000,0x00000000e37cb3a8,0x00000000e3e00000)
  to   space 5120K, 0% used [0x00000000e4400000,0x00000000e4400000,0x00000000e4900000)
 ParOldGen       total 86016K, used 26480K [0x0000000082400000, 0x0000000087800000, 0x00000000d6180000)
  object space 86016K, 30% used [0x0000000082400000,0x0000000083ddc350,0x0000000087800000)
 Metaspace       used 40726K, capacity 42174K, committed 42240K, reserved 1085440K
  class space    used 5257K, capacity 5585K, committed 5632K, reserved 1048576K
}
Event: 10.295 GC heap before
{Heap before GC invocations=18 (full 2):
 PSYoungGen      total 209920K, used 203564K [0x00000000d6180000, 0x00000000e4900000, 0x0000000100000000)
  eden space 198656K, 100% used [0x00000000d6180000,0x00000000e2380000,0x00000000e2380000)
  from space 11264K, 43% used [0x00000000e3300000,0x00000000e37cb3a8,0x00000000e3e00000)
  to   space 5120K, 0% used [0x00000000e4400000,0x00000000e4400000,0x00000000e4900000)
 ParOldGen       total 86016K, used 26480K [0x0000000082400000, 0x0000000087800000, 0x00000000d6180000)
  object space 86016K, 30% used [0x0000000082400000,0x0000000083ddc350,0x0000000087800000)
 Metaspace       used 50217K, capacity 52264K, committed 52352K, reserved 1097728K
  class space    used 6390K, capacity 6781K, committed 6784K, reserved 1048576K
Event: 10.308 GC heap after
Heap after GC invocations=18 (full 2):
 PSYoungGen      total 203776K, used 5100K [0x00000000d6180000, 0x00000000e4900000, 0x0000000100000000)
  eden space 198656K, 0% used [0x00000000d6180000,0x00000000d6180000,0x00000000e2380000)
  from space 5120K, 99% used [0x00000000e4400000,0x00000000e48fb350,0x00000000e4900000)
  to   space 11264K, 0% used [0x00000000e3300000,0x00000000e3300000,0x00000000e3e00000)
 ParOldGen       total 86016K, used 37627K [0x0000000082400000, 0x0000000087800000, 0x00000000d6180000)
  object space 86016K, 43% used [0x0000000082400000,0x00000000848befb8,0x0000000087800000)
 Metaspace       used 50217K, capacity 52264K, committed 52352K, reserved 1097728K
  class space    used 6390K, capacity 6781K, committed 6784K, reserved 1048576K
}

